Build started 25/11/2014 22:53:07.
     1>Project "C:\apps\irrlicht-1.8.1\tools\IrrFontTool\newFontTool\irrFontTool_vc10.vcxproj" on node 2 (build target(s)).
     1>InitializeBuildStatus:
         Creating "Debug\FontTool.unsuccessfulbuild" because "AlwaysCreate" was specified.
       ClCompile:
         e:\Program Files (x86)\Microsoft Visual Studio 10.0\VC\bin\CL.exe /c /I../../../include /ZI /nologo /W3 /WX- /Od /Oy- /D WIN32 /D _DEBUG /D _CONSOLE /D _VC80_UPGRADE=0x0710 /D _MBCS /Gm /EHsc /RTC1 /MTd /GS /fp:precise /Zc:wchar_t /Zc:forScope /Fo"Debug\\" /Fd"Debug\vc100.pdb" /Gd /TP /analyze- /errorReport:prompt CFontTool.cpp main.cpp
         main.cpp
         CFontTool.cpp
         Generating Code...
       ManifestResourceCompile:
         C:\Program Files (x86)\Microsoft SDKs\Windows\v7.0A\bin\rc.exe /nologo /fo"Debug\FontTool.exe.embed.manifest.res" Debug\FontTool_manifest.rc 
       Link:
         e:\Program Files (x86)\Microsoft Visual Studio 10.0\VC\bin\link.exe /ERRORREPORT:PROMPT /OUT:"../../../bin/Win32-visualstudio/FontTool.exe" /INCREMENTAL /NOLOGO /LIBPATH:"../../../lib/Win32-visualstudio" kernel32.lib user32.lib gdi32.lib winspool.lib comdlg32.lib advapi32.lib shell32.lib ole32.lib oleaut32.lib uuid.lib odbc32.lib odbccp32.lib /MANIFEST /ManifestFile:"Debug\FontTool.exe.intermediate.manifest" /MANIFESTUAC:"level='asInvoker' uiAccess='false'" /DEBUG /PDB:"C:\apps\irrlicht-1.8.1\bin\Win32-VisualStudio\FontTool.pdb" /SUBSYSTEM:CONSOLE /TLBID:1 /DYNAMICBASE /IMPLIB:"..\..\..\bin\Win32-VisualStudio\FontTool.lib" /MACHINE:X86 Debug\FontTool.exe.embed.manifest.res
         Debug\CFontTool.obj
         Debug\main.obj
         "C:\apps\irrlicht-1.8.1\lib\Win32-visualstudio\Irrlicht.lib"  kernel32.lib user32.lib gdi32.lib winspool.lib comdlg32.lib advapi32.lib shell32.lib ole32.lib oleaut32.lib uuid.lib odbc32.lib odbccp32.lib glu32.lib opengl32.lib gdi32.lib 
       Manifest:
         C:\Program Files (x86)\Microsoft SDKs\Windows\v7.0A\bin\mt.exe /nologo /verbose /out:"Debug\FontTool.exe.embed.manifest" /manifest Debug\FontTool.exe.intermediate.manifest
         C:\Program Files (x86)\Microsoft SDKs\Windows\v7.0A\bin\rc.exe /nologo /fo"Debug\FontTool.exe.embed.manifest.res" Debug\FontTool_manifest.rc 
       LinkEmbedManifest:
         e:\Program Files (x86)\Microsoft Visual Studio 10.0\VC\bin\link.exe /ERRORREPORT:PROMPT /OUT:"../../../bin/Win32-visualstudio/FontTool.exe" /INCREMENTAL /NOLOGO /LIBPATH:"../../../lib/Win32-visualstudio" kernel32.lib user32.lib gdi32.lib winspool.lib comdlg32.lib advapi32.lib shell32.lib ole32.lib oleaut32.lib uuid.lib odbc32.lib odbccp32.lib /MANIFEST /ManifestFile:"Debug\FontTool.exe.intermediate.manifest" /MANIFESTUAC:"level='asInvoker' uiAccess='false'" /DEBUG /PDB:"C:\apps\irrlicht-1.8.1\bin\Win32-VisualStudio\FontTool.pdb" /SUBSYSTEM:CONSOLE /TLBID:1 /DYNAMICBASE /IMPLIB:"..\..\..\bin\Win32-VisualStudio\FontTool.lib" /MACHINE:X86 Debug\FontTool.exe.embed.manifest.res
         Debug\CFontTool.obj
         Debug\main.obj
         "C:\apps\irrlicht-1.8.1\lib\Win32-visualstudio\Irrlicht.lib"  kernel32.lib user32.lib gdi32.lib winspool.lib comdlg32.lib advapi32.lib shell32.lib ole32.lib oleaut32.lib uuid.lib odbc32.lib odbccp32.lib glu32.lib opengl32.lib gdi32.lib 
         irrFontTool_vc10.vcxproj -> C:\apps\irrlicht-1.8.1\tools\IrrFontTool\newFontTool\..\..\..\bin\Win32-VisualStudio\FontTool.exe
       FinalizeBuildStatus:
         Deleting file "Debug\FontTool.unsuccessfulbuild".
         Touching "Debug\FontTool.lastbuildstate".
     1>Done Building Project "C:\apps\irrlicht-1.8.1\tools\IrrFontTool\newFontTool\irrFontTool_vc10.vcxproj" (build target(s)).

Build succeeded.

Time Elapsed 00:00:04.75
