E:\USERS\DAN\DESKTOP\BLACKOUT\BLACKOUTGAME\BLACKOUTGAME\DEBUG\EVENTRECEIVERGUI.OBJ
E:\USERS\DAN\DESKTOP\BLACKOUT\BLACKOUTGAME\BLACKOUTGAME\DEBUG\MAIN.OBJ
E:\USERS\DAN\DESKTOP\BLACKOUT\BLACKOUTGAME\BLACKOUTGAME\DEBUG\EVENTRECEIVERKB.OBJ
E:\USERS\DAN\DESKTOP\BLACKOUT\BLACKOUTGAME\BLACKOUTGAME\DEBUG\MYCOLLISIONANIMATOR.OBJ
E:\USERS\DAN\DESKTOP\BLACKOUT\BLACKOUTGAME\BLACKOUTGAME\DEBUG\MYFPSCAMERAANIMATOR.OBJ
E:\USERS\DAN\DESKTOP\BLACKOUT\BLACKOUTGAME\BLACKOUTGAME\DEBUG\VC110.PDB
E:\USERS\DAN\DESKTOP\BLACKOUT\BLACKOUTGAME\DEBUG\BLACKOUTGAME.ILK
E:\USERS\DAN\DESKTOP\BLACKOUT\BLACKOUTGAME\DEBUG\BLACKOUTGAME.EXE
E:\USERS\DAN\DESKTOP\BLACKOUT\BLACKOUTGAME\DEBUG\BLACKOUTGAME.PDB
E:\Users\Dan\Desktop\Blackout\BlackoutGame\BlackoutGame\Debug\EventReceiverGUI.obj
E:\Users\Dan\Desktop\Blackout\BlackoutGame\BlackoutGame\Debug\EventReceiverKB.obj
E:\Users\Dan\Desktop\Blackout\BlackoutGame\BlackoutGame\Debug\main.obj
E:\Users\Dan\Desktop\Blackout\BlackoutGame\BlackoutGame\Debug\MyCollisionAnimator.obj
E:\Users\Dan\Desktop\Blackout\BlackoutGame\BlackoutGame\Debug\MyFPSCameraAnimator.obj
E:\Users\Dan\Desktop\Blackout\BlackoutGame\BlackoutGame\Debug\cl.command.1.tlog
E:\Users\Dan\Desktop\Blackout\BlackoutGame\BlackoutGame\Debug\CL.read.1.tlog
E:\Users\Dan\Desktop\Blackout\BlackoutGame\BlackoutGame\Debug\CL.write.1.tlog
E:\Users\Dan\Desktop\Blackout\BlackoutGame\BlackoutGame\Debug\link-cvtres.read.1.tlog
E:\Users\Dan\Desktop\Blackout\BlackoutGame\BlackoutGame\Debug\link-cvtres.write.1.tlog
E:\Users\Dan\Desktop\Blackout\BlackoutGame\BlackoutGame\Debug\link-rc.read.1.tlog
E:\Users\Dan\Desktop\Blackout\BlackoutGame\BlackoutGame\Debug\link-rc.write.1.tlog
E:\Users\Dan\Desktop\Blackout\BlackoutGame\BlackoutGame\Debug\link.2564-cvtres.read.1.tlog
E:\Users\Dan\Desktop\Blackout\BlackoutGame\BlackoutGame\Debug\link.2564-cvtres.write.1.tlog
E:\Users\Dan\Desktop\Blackout\BlackoutGame\BlackoutGame\Debug\link.2564-rc.read.1.tlog
E:\Users\Dan\Desktop\Blackout\BlackoutGame\BlackoutGame\Debug\link.2564-rc.write.1.tlog
E:\Users\Dan\Desktop\Blackout\BlackoutGame\BlackoutGame\Debug\link.2564.read.1.tlog
E:\Users\Dan\Desktop\Blackout\BlackoutGame\BlackoutGame\Debug\link.2564.write.1.tlog
E:\Users\Dan\Desktop\Blackout\BlackoutGame\BlackoutGame\Debug\link.8020-cvtres.read.1.tlog
E:\Users\Dan\Desktop\Blackout\BlackoutGame\BlackoutGame\Debug\link.8020-cvtres.write.1.tlog
E:\Users\Dan\Desktop\Blackout\BlackoutGame\BlackoutGame\Debug\link.8020-rc.read.1.tlog
E:\Users\Dan\Desktop\Blackout\BlackoutGame\BlackoutGame\Debug\link.8020-rc.write.1.tlog
E:\Users\Dan\Desktop\Blackout\BlackoutGame\BlackoutGame\Debug\link.8020.read.1.tlog
E:\Users\Dan\Desktop\Blackout\BlackoutGame\BlackoutGame\Debug\link.8020.write.1.tlog
E:\Users\Dan\Desktop\Blackout\BlackoutGame\BlackoutGame\Debug\link.9064-cvtres.read.1.tlog
E:\Users\Dan\Desktop\Blackout\BlackoutGame\BlackoutGame\Debug\link.9064-cvtres.write.1.tlog
E:\Users\Dan\Desktop\Blackout\BlackoutGame\BlackoutGame\Debug\link.9064-rc.read.1.tlog
E:\Users\Dan\Desktop\Blackout\BlackoutGame\BlackoutGame\Debug\link.9064-rc.write.1.tlog
E:\Users\Dan\Desktop\Blackout\BlackoutGame\BlackoutGame\Debug\link.9064.read.1.tlog
E:\Users\Dan\Desktop\Blackout\BlackoutGame\BlackoutGame\Debug\link.9064.write.1.tlog
E:\Users\Dan\Desktop\Blackout\BlackoutGame\BlackoutGame\Debug\link.9288-cvtres.read.1.tlog
E:\Users\Dan\Desktop\Blackout\BlackoutGame\BlackoutGame\Debug\link.9288-cvtres.write.1.tlog
E:\Users\Dan\Desktop\Blackout\BlackoutGame\BlackoutGame\Debug\link.9288-rc.read.1.tlog
E:\Users\Dan\Desktop\Blackout\BlackoutGame\BlackoutGame\Debug\link.9288-rc.write.1.tlog
E:\Users\Dan\Desktop\Blackout\BlackoutGame\BlackoutGame\Debug\link.9288.read.1.tlog
E:\Users\Dan\Desktop\Blackout\BlackoutGame\BlackoutGame\Debug\link.9288.write.1.tlog
E:\Users\Dan\Desktop\Blackout\BlackoutGame\BlackoutGame\Debug\link.9812-cvtres.read.1.tlog
E:\Users\Dan\Desktop\Blackout\BlackoutGame\BlackoutGame\Debug\link.9812-cvtres.write.1.tlog
E:\Users\Dan\Desktop\Blackout\BlackoutGame\BlackoutGame\Debug\link.9812-rc.read.1.tlog
E:\Users\Dan\Desktop\Blackout\BlackoutGame\BlackoutGame\Debug\link.9812-rc.write.1.tlog
E:\Users\Dan\Desktop\Blackout\BlackoutGame\BlackoutGame\Debug\link.9812.read.1.tlog
E:\Users\Dan\Desktop\Blackout\BlackoutGame\BlackoutGame\Debug\link.9812.write.1.tlog
E:\Users\Dan\Desktop\Blackout\BlackoutGame\BlackoutGame\Debug\link.9940-cvtres.read.1.tlog
E:\Users\Dan\Desktop\Blackout\BlackoutGame\BlackoutGame\Debug\link.9940-cvtres.write.1.tlog
E:\Users\Dan\Desktop\Blackout\BlackoutGame\BlackoutGame\Debug\link.9940-rc.read.1.tlog
E:\Users\Dan\Desktop\Blackout\BlackoutGame\BlackoutGame\Debug\link.9940-rc.write.1.tlog
E:\Users\Dan\Desktop\Blackout\BlackoutGame\BlackoutGame\Debug\link.9940.read.1.tlog
E:\Users\Dan\Desktop\Blackout\BlackoutGame\BlackoutGame\Debug\link.9940.write.1.tlog
E:\Users\Dan\Desktop\Blackout\BlackoutGame\BlackoutGame\Debug\link.command.1.tlog
E:\Users\Dan\Desktop\Blackout\BlackoutGame\BlackoutGame\Debug\link.read.1.tlog
E:\Users\Dan\Desktop\Blackout\BlackoutGame\BlackoutGame\Debug\link.write.1.tlog
E:\Users\Dan\Desktop\Blackout\BlackoutGame\BlackoutGame\Debug\vc110.idb
E:\Users\Dan\Desktop\Blackout\BlackoutGame\BlackoutGame\Debug\vc110.pdb
E:\Users\Dan\Desktop\Blackout\BlackoutGame\Debug\BlackoutGame.pdb
E:\Users\Dan\Desktop\Blackout\BlackoutGame\Debug\BlackoutGame.exe
E:\Users\Dan\Desktop\Blackout\BlackoutGame\Debug\BlackoutGame.ilk
